Horizon started successfully.
  2023-12-15 10:01:36 App\Mail\Templates\ThankAuthorMail ............. RUNNING
  2023-12-15 10:01:36 App\Mail\Templates\ThankAuthorMail ........ 84.65ms DONE
  2023-12-15 10:01:36 App\Notifications\NewSubmission ................ RUNNING
  2023-12-15 10:01:37 App\Notifications\NewSubmission ........... 34.20ms DONE
  2023-12-15 10:01:37 App\Notifications\NewSubmission ................ RUNNING
  2023-12-15 10:01:37 App\Notifications\NewSubmission ........... 24.47ms FAIL
  2023-12-15 10:01:37 App\Notifications\NewSubmission ................ RUNNING
  2023-12-15 10:01:37 App\Notifications\NewSubmission ............ 8.43ms DONE
  2023-12-15 10:01:37 App\Notifications\NewSubmission ................ RUNNING
  2023-12-15 10:01:37 App\Notifications\NewSubmission ............ 7.95ms FAIL
  2023-12-15 10:01:37 App\Notifications\NewSubmission ................ RUNNING
  2023-12-15 10:01:37 App\Notifications\NewSubmission ............ 7.19ms DONE
  2023-12-15 10:01:37 App\Notifications\NewSubmission ................ RUNNING
  2023-12-15 10:01:37 App\Notifications\NewSubmission ........... 17.05ms FAIL
  2023-12-15 10:01:37 App\Notifications\NewSubmission ................ RUNNING
  2023-12-15 10:01:37 App\Notifications\NewSubmission ............ 7.87ms DONE
  2023-12-15 10:01:37 App\Notifications\NewSubmission ................ RUNNING
  2023-12-15 10:01:37 App\Notifications\NewSubmission ............ 8.69ms FAIL
  2023-12-15 10:01:37 App\Notifications\NewSubmission ................ RUNNING
  2023-12-15 10:01:37 App\Notifications\NewSubmission ............ 8.28ms DONE
  2023-12-15 10:01:37 App\Notifications\NewSubmission ................ RUNNING
  2023-12-15 10:01:37 App\Notifications\NewSubmission ............ 7.16ms FAIL
  2023-12-15 10:01:37 App\Notifications\NewSubmission ................ RUNNING
  2023-12-15 10:01:37 App\Notifications\NewSubmission ............ 7.48ms DONE
  2023-12-15 10:01:37 App\Notifications\NewSubmission ................ RUNNING
  2023-12-15 10:01:37 App\Notifications\NewSubmission ............ 7.34ms FAIL
  2023-12-15 10:01:37 App\Notifications\NewSubmission ................ RUNNING
  2023-12-15 10:01:37 App\Notifications\NewSubmission ............ 8.14ms DONE
  2023-12-15 10:01:37 App\Notifications\NewSubmission ................ RUNNING
  2023-12-15 10:01:37 App\Notifications\NewSubmission ............ 7.48ms FAIL
  2023-12-15 10:01:37 App\Notifications\NewSubmission ................ RUNNING
  2023-12-15 10:01:37 App\Notifications\NewSubmission ............ 7.86ms DONE
  2023-12-15 10:01:37 App\Notifications\NewSubmission ................ RUNNING
  2023-12-15 10:01:37 App\Notifications\NewSubmission ............ 7.36ms FAIL
  2023-12-15 10:01:37 App\Notifications\NewSubmission ................ RUNNING
  2023-12-15 10:01:37 App\Notifications\NewSubmission ............ 6.73ms DONE
  2023-12-15 10:01:37 App\Notifications\NewSubmission ................ RUNNING
  2023-12-15 10:01:37 App\Notifications\NewSubmission ............ 8.13ms FAIL
  2023-12-15 10:01:37 App\Notifications\NewSubmission ................ RUNNING
  2023-12-15 10:01:37 App\Notifications\NewSubmission ............ 8.31ms DONE
  2023-12-15 10:01:37 App\Notifications\NewSubmission ................ RUNNING
  2023-12-15 10:01:37 App\Notifications\NewSubmission ............ 8.31ms FAIL
  2023-12-15 10:01:37 App\Notifications\NewSubmission ................ RUNNING
  2023-12-15 10:01:37 App\Notifications\NewSubmission ............ 6.85ms DONE
  2023-12-15 10:01:37 App\Notifications\NewSubmission ................ RUNNING
  2023-12-15 10:01:37 App\Notifications\NewSubmission ............ 7.92ms FAIL
  2023-12-15 10:01:37 App\Notifications\NewSubmission ................ RUNNING
  2023-12-15 10:01:37 App\Notifications\NewSubmission ............ 9.01ms DONE
  2023-12-15 10:01:37 App\Notifications\NewSubmission ................ RUNNING
  2023-12-15 10:01:37 App\Notifications\NewSubmission ............ 8.52ms FAIL
  2023-12-15 10:01:37 App\Notifications\NewSubmission ................ RUNNING
  2023-12-15 10:01:37 App\Notifications\NewSubmission ........... 10.24ms DONE
  2023-12-15 10:01:37 App\Notifications\NewSubmission ................ RUNNING
  2023-12-15 10:01:37 App\Notifications\NewSubmission ............ 7.76ms FAIL
  2023-12-15 10:01:37 App\Notifications\NewSubmission ................ RUNNING
  2023-12-15 10:01:37 App\Notifications\NewSubmission ............ 9.21ms DONE
  2023-12-15 10:01:37 App\Notifications\NewSubmission ................ RUNNING
  2023-12-15 10:01:37 App\Notifications\NewSubmission ............ 9.49ms FAIL
  2023-12-15 10:01:37 App\Notifications\NewSubmission ................ RUNNING
  2023-12-15 10:01:37 App\Notifications\NewSubmission ............ 9.50ms DONE
  2023-12-15 10:01:37 App\Notifications\NewSubmission ................ RUNNING
  2023-12-15 10:01:37 App\Notifications\NewSubmission ............ 7.81ms FAIL
  2023-12-15 10:01:37 App\Notifications\NewSubmission ................ RUNNING
  2023-12-15 10:01:37 App\Notifications\NewSubmission ............ 9.83ms DONE
  2023-12-15 10:01:37 App\Notifications\NewSubmission ................ RUNNING
  2023-12-15 10:01:37 App\Notifications\NewSubmission ............ 8.44ms FAIL
  2023-12-15 10:01:37 App\Notifications\NewSubmission ................ RUNNING
  2023-12-15 10:01:37 App\Notifications\NewSubmission ............ 9.48ms DONE
  2023-12-15 10:01:37 App\Notifications\NewSubmission ................ RUNNING
  2023-12-15 10:01:37 App\Notifications\NewSubmission ............ 8.38ms FAIL
  2023-12-15 10:01:37 App\Notifications\NewSubmission ................ RUNNING
  2023-12-15 10:01:37 App\Notifications\NewSubmission ............ 7.84ms DONE
  2023-12-15 10:01:37 App\Notifications\NewSubmission ................ RUNNING
  2023-12-15 10:01:37 App\Notifications\NewSubmission ............ 8.20ms FAIL
  2023-12-15 10:01:37 App\Notifications\NewSubmission ................ RUNNING
  2023-12-15 10:01:37 App\Notifications\NewSubmission ............ 9.12ms DONE
  2023-12-15 10:01:37 App\Notifications\NewSubmission ................ RUNNING
  2023-12-15 10:01:37 App\Notifications\NewSubmission ............ 7.89ms FAIL
  2023-12-15 10:01:37 App\Notifications\NewSubmission ................ RUNNING
  2023-12-15 10:01:37 App\Notifications\NewSubmission ............ 8.49ms DONE
  2023-12-15 10:01:37 App\Notifications\NewSubmission ................ RUNNING
  2023-12-15 10:01:37 App\Notifications\NewSubmission ............ 9.64ms FAIL
  2023-12-15 10:01:37 App\Notifications\NewSubmission ................ RUNNING
  2023-12-15 10:01:37 App\Notifications\NewSubmission ............ 7.16ms DONE
  2023-12-15 10:01:37 App\Notifications\NewSubmission ................ RUNNING
  2023-12-15 10:01:37 App\Notifications\NewSubmission ............ 9.04ms FAIL
  2023-12-15 10:01:37 App\Notifications\NewSubmission ................ RUNNING
  2023-12-15 10:01:37 App\Notifications\NewSubmission ............ 7.25ms DONE
  2023-12-15 10:01:37 App\Notifications\NewSubmission ................ RUNNING
  2023-12-15 10:01:37 App\Notifications\NewSubmission ............ 7.82ms FAIL
  2023-12-15 10:01:37 App\Notifications\NewSubmission ................ RUNNING
  2023-12-15 10:01:37 App\Notifications\NewSubmission ............ 7.07ms DONE
  2023-12-15 10:01:37 App\Notifications\NewSubmission ................ RUNNING
  2023-12-15 10:01:37 App\Notifications\NewSubmission ............ 8.20ms FAIL
  2023-12-15 10:01:37 App\Notifications\NewSubmission ................ RUNNING
  2023-12-15 10:01:37 App\Notifications\NewSubmission ............ 8.14ms DONE
  2023-12-15 10:01:37 App\Notifications\NewSubmission ................ RUNNING
  2023-12-15 10:01:37 App\Notifications\NewSubmission ............ 8.86ms FAIL
  2023-12-15 10:01:37 App\Notifications\NewSubmission ................ RUNNING
  2023-12-15 10:01:37 App\Notifications\NewSubmission ............ 7.54ms DONE
  2023-12-15 10:01:37 App\Notifications\NewSubmission ................ RUNNING
  2023-12-15 10:01:37 App\Notifications\NewSubmission ............ 8.08ms FAIL
  2023-12-15 10:01:37 App\Notifications\NewSubmission ................ RUNNING
  2023-12-15 10:01:37 App\Notifications\NewSubmission ............ 8.17ms DONE
  2023-12-15 10:01:37 App\Notifications\NewSubmission ................ RUNNING
  2023-12-15 10:01:37 App\Notifications\NewSubmission ............ 8.92ms FAIL
  2023-12-15 10:01:37 App\Notifications\NewSubmission ................ RUNNING
  2023-12-15 10:01:37 App\Notifications\NewSubmission ............ 6.97ms DONE
  2023-12-15 10:01:37 App\Notifications\NewSubmission ................ RUNNING
  2023-12-15 10:01:37 App\Notifications\NewSubmission ........... 18.88ms FAIL
  2023-12-15 10:01:37 App\Notifications\NewSubmission ................ RUNNING
  2023-12-15 10:01:37 App\Notifications\NewSubmission ............ 6.64ms DONE
  2023-12-15 10:01:37 App\Notifications\NewSubmission ................ RUNNING
  2023-12-15 10:01:37 App\Notifications\NewSubmission ........... 11.24ms FAIL
  2023-12-15 10:01:37 App\Notifications\NewSubmission ................ RUNNING
  2023-12-15 10:01:37 App\Notifications\NewSubmission ............ 6.69ms DONE
  2023-12-15 10:01:37 App\Notifications\NewSubmission ................ RUNNING
  2023-12-15 10:01:37 App\Notifications\NewSubmission ............ 8.63ms FAIL
  2023-12-15 10:01:37 App\Notifications\NewSubmission ................ RUNNING
  2023-12-15 10:01:37 App\Notifications\NewSubmission ............ 8.59ms DONE
  2023-12-15 10:01:37 App\Notifications\NewSubmission ................ RUNNING
  2023-12-15 10:01:37 App\Notifications\NewSubmission ............ 9.16ms FAIL
  2023-12-15 10:01:37 App\Notifications\NewSubmission ................ RUNNING
  2023-12-15 10:01:37 App\Notifications\NewSubmission ............ 8.79ms DONE
  2023-12-15 10:01:37 App\Notifications\NewSubmission ................ RUNNING
  2023-12-15 10:01:37 App\Notifications\NewSubmission ............ 8.88ms FAIL
  2023-12-15 10:01:37 App\Notifications\NewSubmission ................ RUNNING
  2023-12-15 10:01:37 App\Notifications\NewSubmission ............ 7.88ms DONE
  2023-12-15 10:01:37 App\Notifications\NewSubmission ................ RUNNING
  2023-12-15 10:01:37 App\Notifications\NewSubmission ............ 8.85ms FAIL
  2023-12-15 10:01:37 App\Notifications\NewSubmission ................ RUNNING
  2023-12-15 10:01:37 App\Notifications\NewSubmission ............ 7.24ms DONE
  2023-12-15 10:01:37 App\Notifications\NewSubmission ................ RUNNING
  2023-12-15 10:01:37 App\Notifications\NewSubmission ............ 8.09ms FAIL
  2023-12-15 10:01:37 App\Notifications\NewSubmission ................ RUNNING
  2023-12-15 10:01:37 App\Notifications\NewSubmission ........... 14.14ms DONE
  2023-12-15 10:01:37 App\Notifications\NewSubmission ................ RUNNING
  2023-12-15 10:01:37 App\Notifications\NewSubmission ............ 8.76ms FAIL
  2023-12-15 10:01:37 App\Notifications\NewSubmission ................ RUNNING
  2023-12-15 10:01:37 App\Notifications\NewSubmission ............ 8.32ms DONE
  2023-12-15 10:01:37 App\Notifications\NewSubmission ................ RUNNING
  2023-12-15 10:01:37 App\Notifications\NewSubmission ............ 9.30ms FAIL
  2023-12-15 10:01:37 App\Notifications\NewSubmission ................ RUNNING
  2023-12-15 10:01:37 App\Notifications\NewSubmission ............ 7.20ms DONE
  2023-12-15 10:01:37 App\Notifications\NewSubmission ................ RUNNING
  2023-12-15 10:01:37 App\Notifications\NewSubmission ............ 9.17ms FAIL
  2023-12-15 10:01:37 App\Notifications\NewSubmission ................ RUNNING
  2023-12-15 10:01:37 App\Notifications\NewSubmission ............ 7.55ms DONE
  2023-12-15 10:01:37 App\Notifications\NewSubmission ................ RUNNING
  2023-12-15 10:01:37 App\Notifications\NewSubmission ............ 9.16ms FAIL
  2023-12-15 10:01:37 App\Notifications\NewSubmission ................ RUNNING
  2023-12-15 10:01:37 App\Notifications\NewSubmission ........... 10.07ms DONE
  2023-12-15 10:01:37 App\Notifications\NewSubmission ................ RUNNING
  2023-12-15 10:01:37 App\Notifications\NewSubmission ............ 9.47ms FAIL
  2023-12-15 10:02:56 App\Mail\Templates\ThankAuthorMail ............. RUNNING
  2023-12-15 10:02:56 App\Mail\Templates\ThankAuthorMail ........ 30.44ms DONE
  2023-12-15 10:02:56 App\Notifications\NewSubmission ................ RUNNING
  2023-12-15 10:02:56 App\Notifications\NewSubmission ........... 13.22ms DONE
  2023-12-15 10:02:56 App\Notifications\NewSubmission ................ RUNNING
  2023-12-15 10:02:56 App\Notifications\NewSubmission ........... 11.16ms FAIL
  2023-12-15 10:02:56 App\Notifications\NewSubmission ................ RUNNING
  2023-12-15 10:02:56 App\Notifications\NewSubmission ............ 8.19ms DONE
  2023-12-15 10:02:56 App\Notifications\NewSubmission ................ RUNNING
  2023-12-15 10:02:56 App\Notifications\NewSubmission ............ 9.50ms FAIL
  2023-12-15 10:02:56 App\Notifications\NewSubmission ................ RUNNING
  2023-12-15 10:02:56 App\Notifications\NewSubmission ............ 7.70ms DONE
  2023-12-15 10:02:56 App\Notifications\NewSubmission ................ RUNNING
  2023-12-15 10:02:56 App\Notifications\NewSubmission ............ 7.67ms FAIL
  2023-12-15 10:02:56 App\Notifications\NewSubmission ................ RUNNING
  2023-12-15 10:02:56 App\Notifications\NewSubmission ............ 9.52ms DONE
  2023-12-15 10:02:56 App\Notifications\NewSubmission ................ RUNNING
  2023-12-15 10:02:56 App\Notifications\NewSubmission ............ 8.14ms FAIL
  2023-12-15 10:02:56 App\Notifications\NewSubmission ................ RUNNING
  2023-12-15 10:02:56 App\Notifications\NewSubmission ........... 21.84ms DONE
  2023-12-15 10:02:56 App\Notifications\NewSubmission ................ RUNNING
  2023-12-15 10:02:56 App\Notifications\NewSubmission ............ 7.98ms FAIL
  2023-12-15 10:02:56 App\Notifications\NewSubmission ................ RUNNING
  2023-12-15 10:02:56 App\Notifications\NewSubmission ............ 7.37ms DONE
  2023-12-15 10:02:56 App\Notifications\NewSubmission ................ RUNNING
  2023-12-15 10:02:56 App\Notifications\NewSubmission ............ 9.20ms FAIL
  2023-12-15 10:02:56 App\Notifications\NewSubmission ................ RUNNING
  2023-12-15 10:02:56 App\Notifications\NewSubmission ............ 7.92ms DONE
  2023-12-15 10:02:56 App\Notifications\NewSubmission ................ RUNNING
  2023-12-15 10:02:56 App\Notifications\NewSubmission ............ 7.74ms FAIL
  2023-12-15 10:02:56 App\Notifications\NewSubmission ................ RUNNING
  2023-12-15 10:02:56 App\Notifications\NewSubmission ............ 8.18ms DONE
  2023-12-15 10:02:56 App\Notifications\NewSubmission ................ RUNNING
  2023-12-15 10:02:56 App\Notifications\NewSubmission ............ 7.60ms FAIL
  2023-12-15 10:02:56 App\Notifications\NewSubmission ................ RUNNING
  2023-12-15 10:02:56 App\Notifications\NewSubmission ........... 19.38ms DONE
  2023-12-15 10:02:56 App\Notifications\NewSubmission ................ RUNNING
  2023-12-15 10:02:56 App\Notifications\NewSubmission ............ 7.98ms FAIL
  2023-12-15 10:02:56 App\Notifications\NewSubmission ................ RUNNING
  2023-12-15 10:02:56 App\Notifications\NewSubmission ............ 7.18ms DONE
  2023-12-15 10:02:56 App\Notifications\NewSubmission ................ RUNNING
  2023-12-15 10:02:56 App\Notifications\NewSubmission ............ 8.22ms FAIL
  2023-12-15 10:02:56 App\Notifications\NewSubmission ................ RUNNING
  2023-12-15 10:02:56 App\Notifications\NewSubmission ............ 7.84ms DONE
  2023-12-15 10:02:56 App\Notifications\NewSubmission ................ RUNNING
  2023-12-15 10:02:56 App\Notifications\NewSubmission ............ 9.51ms FAIL
  2023-12-15 10:02:56 App\Notifications\NewSubmission ................ RUNNING
  2023-12-15 10:02:56 App\Notifications\NewSubmission ............ 8.18ms DONE
  2023-12-15 10:02:56 App\Notifications\NewSubmission ................ RUNNING
  2023-12-15 10:02:56 App\Notifications\NewSubmission ........... 15.58ms FAIL
  2023-12-15 10:02:56 App\Notifications\NewSubmission ................ RUNNING
  2023-12-15 10:02:56 App\Notifications\NewSubmission ........... 13.57ms DONE
  2023-12-15 10:02:56 App\Notifications\NewSubmission ................ RUNNING
  2023-12-15 10:02:56 App\Notifications\NewSubmission ........... 10.37ms FAIL
  2023-12-15 10:02:56 App\Notifications\NewSubmission ................ RUNNING
  2023-12-15 10:02:56 App\Notifications\NewSubmission ........... 10.22ms DONE
  2023-12-15 10:02:56 App\Notifications\NewSubmission ................ RUNNING
  2023-12-15 10:02:56 App\Notifications\NewSubmission ............ 9.82ms FAIL
  2023-12-15 10:02:56 App\Notifications\NewSubmission ................ RUNNING
  2023-12-15 10:02:56 App\Notifications\NewSubmission ............ 8.58ms DONE
  2023-12-15 10:02:56 App\Notifications\NewSubmission ................ RUNNING
  2023-12-15 10:02:56 App\Notifications\NewSubmission ............ 8.15ms FAIL
  2023-12-15 10:02:56 App\Notifications\NewSubmission ................ RUNNING
  2023-12-15 10:02:56 App\Notifications\NewSubmission ............ 8.02ms DONE
  2023-12-15 10:02:56 App\Notifications\NewSubmission ................ RUNNING
  2023-12-15 10:02:56 App\Notifications\NewSubmission ............ 8.38ms FAIL
  2023-12-15 10:02:56 App\Notifications\NewSubmission ................ RUNNING
  2023-12-15 10:02:56 App\Notifications\NewSubmission ............ 6.66ms DONE
  2023-12-15 10:02:56 App\Notifications\NewSubmission ................ RUNNING
  2023-12-15 10:02:56 App\Notifications\NewSubmission ............ 7.79ms FAIL
  2023-12-15 10:02:56 App\Notifications\NewSubmission ................ RUNNING
  2023-12-15 10:02:56 App\Notifications\NewSubmission ............ 8.01ms DONE
  2023-12-15 10:02:56 App\Notifications\NewSubmission ................ RUNNING
  2023-12-15 10:02:56 App\Notifications\NewSubmission ............ 9.05ms FAIL
  2023-12-15 10:02:56 App\Notifications\NewSubmission ................ RUNNING
  2023-12-15 10:02:56 App\Notifications\NewSubmission ........... 13.68ms DONE
  2023-12-15 10:02:56 App\Notifications\NewSubmission ................ RUNNING
  2023-12-15 10:02:56 App\Notifications\NewSubmission ............ 8.55ms FAIL
  2023-12-15 10:02:56 App\Notifications\NewSubmission ................ RUNNING
  2023-12-15 10:02:56 App\Notifications\NewSubmission ............ 7.68ms DONE
  2023-12-15 10:02:56 App\Notifications\NewSubmission ................ RUNNING
  2023-12-15 10:02:56 App\Notifications\NewSubmission ........... 18.78ms FAIL
  2023-12-15 10:02:56 App\Notifications\NewSubmission ................ RUNNING
  2023-12-15 10:02:56 App\Notifications\NewSubmission ............ 8.73ms DONE
  2023-12-15 10:02:56 App\Notifications\NewSubmission ................ RUNNING
  2023-12-15 10:02:56 App\Notifications\NewSubmission ............ 8.87ms FAIL
  2023-12-15 10:02:56 App\Notifications\NewSubmission ................ RUNNING
  2023-12-15 10:02:56 App\Notifications\NewSubmission ........... 10.57ms DONE
  2023-12-15 10:02:56 App\Notifications\NewSubmission ................ RUNNING
  2023-12-15 10:02:56 App\Notifications\NewSubmission ............ 9.32ms FAIL
  2023-12-15 10:02:56 App\Notifications\NewSubmission ................ RUNNING
  2023-12-15 10:02:56 App\Notifications\NewSubmission ............ 7.96ms DONE
  2023-12-15 10:02:56 App\Notifications\NewSubmission ................ RUNNING
  2023-12-15 10:02:56 App\Notifications\NewSubmission ............ 9.29ms FAIL
  2023-12-15 10:02:56 App\Notifications\NewSubmission ................ RUNNING
  2023-12-15 10:02:56 App\Notifications\NewSubmission ............ 7.82ms DONE
  2023-12-15 10:02:56 App\Notifications\NewSubmission ................ RUNNING
  2023-12-15 10:02:56 App\Notifications\NewSubmission ........... 10.10ms FAIL
  2023-12-15 10:02:56 App\Notifications\NewSubmission ................ RUNNING
  2023-12-15 10:02:56 App\Notifications\NewSubmission ............ 9.23ms DONE
  2023-12-15 10:02:56 App\Notifications\NewSubmission ................ RUNNING
  2023-12-15 10:02:56 App\Notifications\NewSubmission ............ 9.21ms FAIL
  2023-12-15 10:02:56 App\Notifications\NewSubmission ................ RUNNING
  2023-12-15 10:02:56 App\Notifications\NewSubmission ............ 7.12ms DONE
  2023-12-15 10:02:56 App\Notifications\NewSubmission ................ RUNNING
  2023-12-15 10:02:56 App\Notifications\NewSubmission ........... 14.43ms FAIL
  2023-12-15 10:02:56 App\Notifications\NewSubmission ................ RUNNING
  2023-12-15 10:02:56 App\Notifications\NewSubmission ............ 7.50ms DONE
  2023-12-15 10:02:56 App\Notifications\NewSubmission ................ RUNNING
  2023-12-15 10:02:56 App\Notifications\NewSubmission ............ 9.68ms FAIL
  2023-12-15 10:02:56 App\Notifications\NewSubmission ................ RUNNING
  2023-12-15 10:02:56 App\Notifications\NewSubmission ............ 7.65ms DONE
  2023-12-15 10:02:56 App\Notifications\NewSubmission ................ RUNNING
  2023-12-15 10:02:56 App\Notifications\NewSubmission ........... 10.62ms FAIL
  2023-12-15 10:02:56 App\Notifications\NewSubmission ................ RUNNING
  2023-12-15 10:02:56 App\Notifications\NewSubmission ............ 8.79ms DONE
  2023-12-15 10:02:56 App\Notifications\NewSubmission ................ RUNNING
  2023-12-15 10:02:56 App\Notifications\NewSubmission ........... 11.25ms FAIL
  2023-12-15 10:02:56 App\Notifications\NewSubmission ................ RUNNING
  2023-12-15 10:02:56 App\Notifications\NewSubmission ........... 10.18ms DONE
  2023-12-15 10:02:56 App\Notifications\NewSubmission ................ RUNNING
  2023-12-15 10:02:56 App\Notifications\NewSubmission ........... 10.10ms FAIL
  2023-12-15 10:02:56 App\Notifications\NewSubmission ................ RUNNING
  2023-12-15 10:02:56 App\Notifications\NewSubmission ............ 8.72ms DONE
  2023-12-15 10:02:56 App\Notifications\NewSubmission ................ RUNNING
  2023-12-15 10:02:56 App\Notifications\NewSubmission ............ 9.89ms FAIL
  2023-12-15 10:02:56 App\Notifications\NewSubmission ................ RUNNING
  2023-12-15 10:02:56 App\Notifications\NewSubmission ............ 6.98ms DONE
  2023-12-15 10:02:56 App\Notifications\NewSubmission ................ RUNNING
  2023-12-15 10:02:56 App\Notifications\NewSubmission ............ 9.76ms FAIL
  2023-12-15 10:02:56 App\Notifications\NewSubmission ................ RUNNING
  2023-12-15 10:02:56 App\Notifications\NewSubmission ............ 8.00ms DONE
  2023-12-15 10:02:56 App\Notifications\NewSubmission ................ RUNNING
  2023-12-15 10:02:56 App\Notifications\NewSubmission ............ 9.66ms FAIL
  2023-12-15 10:02:56 App\Notifications\NewSubmission ................ RUNNING
  2023-12-15 10:02:56 App\Notifications\NewSubmission ............ 8.29ms DONE
  2023-12-15 10:02:56 App\Notifications\NewSubmission ................ RUNNING
  2023-12-15 10:02:56 App\Notifications\NewSubmission ............ 9.08ms FAIL
  2023-12-15 10:02:56 App\Notifications\NewSubmission ................ RUNNING
  2023-12-15 10:02:56 App\Notifications\NewSubmission ............ 7.30ms DONE
  2023-12-15 10:02:56 App\Notifications\NewSubmission ................ RUNNING
  2023-12-15 10:02:56 App\Notifications\NewSubmission ............ 8.88ms FAIL
  2023-12-15 10:02:56 App\Notifications\NewSubmission ................ RUNNING
  2023-12-15 10:02:56 App\Notifications\NewSubmission ............ 7.95ms DONE
  2023-12-15 10:02:56 App\Notifications\NewSubmission ................ RUNNING
  2023-12-15 10:02:56 App\Notifications\NewSubmission ............ 8.74ms FAIL
  2023-12-15 10:02:56 App\Notifications\NewSubmission ................ RUNNING
  2023-12-15 10:02:56 App\Notifications\NewSubmission ............ 6.90ms DONE
  2023-12-15 10:02:56 App\Notifications\NewSubmission ................ RUNNING
  2023-12-15 10:02:56 App\Notifications\NewSubmission ............ 8.45ms FAIL
  2023-12-15 10:02:56 App\Notifications\NewSubmission ................ RUNNING
  2023-12-15 10:02:56 App\Notifications\NewSubmission ............ 8.71ms DONE
  2023-12-15 10:02:56 App\Notifications\NewSubmission ................ RUNNING
  2023-12-15 10:02:56 App\Notifications\NewSubmission ............ 9.58ms FAIL
  2023-12-15 10:03:10 App\Notifications\AbstractAccepted ............. RUNNING
  2023-12-15 10:03:10 App\Notifications\AbstractAccepted ........ 93.59ms DONE
  2023-12-15 10:03:10 App\Notifications\AbstractAccepted ............. RUNNING
  2023-12-15 10:03:10 App\Notifications\AbstractAccepted ........ 14.39ms FAIL
